Build started 22/5/2013 9:03:39 PM.
     1>Project "F:\JPEG-XR\JPEG-XR\JPEG-XR\JPEG-XR.vcxproj" on node 2 (build target(s)).
     1>InitializeBuildStatus:
         Creating "Debug\JPEG-XR.unsuccessfulbuild" because "AlwaysCreate" was specified.
       ClCompile:
         C:\Program Files (x86)\Microsoft Visual Studio 10.0\VC\bin\CL.exe /c /ZI /nologo /W3 /WX- /Od /Oy- /D WIN32 /D _DEBUG /D _CONSOLE /D _UNICODE /D UNICODE /Gm /EHsc /RTC1 /MDd /GS /fp:precise /Zc:wchar_t /Zc:forScope /Fo"Debug\\" /Fd"Debug\vc100.pdb" /Gd /TP /analyze- /errorReport:prompt w_strip.cpp
         w_strip.cpp
     1>f:\jpeg-xr\jpeg-xr\jpeg-xr\w_strip.cpp(485): warning C4390: ';' : empty controlled statement found; is this the intent?
     1>f:\jpeg-xr\jpeg-xr\jpeg-xr\w_strip.cpp(1384): warning C4018: '>' : signed/unsigned mismatch
     1>f:\jpeg-xr\jpeg-xr\jpeg-xr\w_strip.cpp(1387): warning C4018: '<' : signed/unsigned mismatch
     1>f:\jpeg-xr\jpeg-xr\jpeg-xr\w_strip.cpp(1414): warning C4018: '<' : signed/unsigned mismatch
     1>f:\jpeg-xr\jpeg-xr\jpeg-xr\w_strip.cpp(1453): warning C4018: '<' : signed/unsigned mismatch
     1>f:\jpeg-xr\jpeg-xr\jpeg-xr\w_strip.cpp(1489): warning C4018: '<' : signed/unsigned mismatch
     1>f:\jpeg-xr\jpeg-xr\jpeg-xr\w_strip.cpp(1588): warning C4018: '>' : signed/unsigned mismatch
     1>f:\jpeg-xr\jpeg-xr\jpeg-xr\w_strip.cpp(1593): warning C4018: '<' : signed/unsigned mismatch
     1>f:\jpeg-xr\jpeg-xr\jpeg-xr\w_strip.cpp(1625): warning C4018: '<' : signed/unsigned mismatch
     1>f:\jpeg-xr\jpeg-xr\jpeg-xr\w_strip.cpp(1659): warning C4018: '<' : signed/unsigned mismatch
     1>f:\jpeg-xr\jpeg-xr\jpeg-xr\w_strip.cpp(1786): warning C4018: '>' : signed/unsigned mismatch
     1>f:\jpeg-xr\jpeg-xr\jpeg-xr\w_strip.cpp(2154): warning C4018: '>' : signed/unsigned mismatch
     1>f:\jpeg-xr\jpeg-xr\jpeg-xr\w_strip.cpp(2277): warning C4018: '>' : signed/unsigned mismatch
     1>f:\jpeg-xr\jpeg-xr\jpeg-xr\w_strip.cpp(2307): warning C4018: '<' : signed/unsigned mismatch
     1>f:\jpeg-xr\jpeg-xr\jpeg-xr\w_strip.cpp(2326): warning C4018: '<' : signed/unsigned mismatch
     1>f:\jpeg-xr\jpeg-xr\jpeg-xr\w_strip.cpp(2350): warning C4018: '<' : signed/unsigned mismatch
     1>f:\jpeg-xr\jpeg-xr\jpeg-xr\w_strip.cpp(2489): warning C4018: '>' : signed/unsigned mismatch
     1>f:\jpeg-xr\jpeg-xr\jpeg-xr\w_strip.cpp(2540): warning C4018: '<' : signed/unsigned mismatch
     1>f:\jpeg-xr\jpeg-xr\jpeg-xr\w_strip.cpp(2556): warning C4018: '<' : signed/unsigned mismatch
     1>f:\jpeg-xr\jpeg-xr\jpeg-xr\w_strip.cpp(2569): warning C4018: '<' : signed/unsigned mismatch
     1>f:\jpeg-xr\jpeg-xr\jpeg-xr\w_strip.cpp(2612): warning C4018: '<' : signed/unsigned mismatch
     1>f:\jpeg-xr\jpeg-xr\jpeg-xr\w_strip.cpp(2635): warning C4018: '<' : signed/unsigned mismatch
     1>f:\jpeg-xr\jpeg-xr\jpeg-xr\w_strip.cpp(2701): warning C4018: '>=' : signed/unsigned mismatch
     1>f:\jpeg-xr\jpeg-xr\jpeg-xr\w_strip.cpp(2704): warning C4018: '>=' : signed/unsigned mismatch
       ManifestResourceCompile:
         All outputs are up-to-date.
       Link:
         C:\Program Files (x86)\Microsoft Visual Studio 10.0\VC\bin\link.exe /ERRORREPORT:PROMPT /OUT:"F:\JPEG-XR\JPEG-XR\Debug\JPEG-XR.exe" /INCREMENTAL /NOLOGO kernel32.lib user32.lib gdi32.lib winspool.lib comdlg32.lib advapi32.lib shell32.lib ole32.lib oleaut32.lib uuid.lib odbc32.lib odbccp32.lib /MANIFEST /ManifestFile:"Debug\JPEG-XR.exe.intermediate.manifest" /MANIFESTUAC:"level='asInvoker' uiAccess='false'" /DEBUG /PDB:"F:\JPEG-XR\JPEG-XR\Debug\JPEG-XR.pdb" /SUBSYSTEM:CONSOLE /TLBID:1 /DYNAMICBASE /NXCOMPAT /IMPLIB:"F:\JPEG-XR\JPEG-XR\Debug\JPEG-XR.lib" /MACHINE:X86 "Debug\JPEG-XR.exe.embed.manifest.res"
         Debug\algo.obj
         Debug\api.obj
         Debug\cr_parse.obj
         Debug\cw_emit.obj
         Debug\dllmain.obj
         Debug\file.obj
         Debug\flags.obj
         Debug\init.obj
         Debug\io.obj
         Debug\jpegxr.obj
         Debug\jpegxr_pixelformat.obj
         Debug\my_getopt.obj
         Debug\qp.tab.obj
         Debug\qp_lexor.obj
         Debug\r_parse.obj
         Debug\r_strip.obj
         Debug\r_tile_frequency.obj
         Debug\r_tile_spatial.obj
         Debug\w_emit.obj
         Debug\w_strip.obj
         Debug\w_tile_frequency.obj
         Debug\w_tile_spatial.obj
         Debug\x_strip.obj
       Manifest:
         C:\Program Files (x86)\Microsoft SDKs\Windows\v7.0A\bin\mt.exe /nologo /verbose /out:"Debug\JPEG-XR.exe.embed.manifest" /manifest "Debug\JPEG-XR.exe.intermediate.manifest"
         All outputs are up-to-date.
       LinkEmbedManifest:
         All outputs are up-to-date.
         JPEG-XR.vcxproj -> F:\JPEG-XR\JPEG-XR\Debug\JPEG-XR.exe
       FinalizeBuildStatus:
         Deleting file "Debug\JPEG-XR.unsuccessfulbuild".
         Touching "Debug\JPEG-XR.lastbuildstate".
     1>Done Building Project "F:\JPEG-XR\JPEG-XR\JPEG-XR\JPEG-XR.vcxproj" (build target(s)).

Build succeeded.

Time Elapsed 00:00:00.46
