C:\USERS\NIMA\DESKTOP\JPEG-XR\JPEG-XR\JPEG-XR\DEBUG\ALGO.OBJ
C:\USERS\NIMA\DESKTOP\JPEG-XR\JPEG-XR\JPEG-XR\DEBUG\API.OBJ
C:\Users\Nima\Desktop\JPEG-XR\JPEG-XR\JPEG-XR\Debug\cl.command.1.tlog
C:\Users\Nima\Desktop\JPEG-XR\JPEG-XR\JPEG-XR\Debug\CL.read.1.tlog
C:\Users\Nima\Desktop\JPEG-XR\JPEG-XR\JPEG-XR\Debug\CL.write.1.tlog
C:\USERS\NIMA\DESKTOP\JPEG-XR\JPEG-XR\JPEG-XR\DEBUG\CR_PARSE.OBJ
C:\USERS\NIMA\DESKTOP\JPEG-XR\JPEG-XR\JPEG-XR\DEBUG\CW_EMIT.OBJ
C:\USERS\NIMA\DESKTOP\JPEG-XR\JPEG-XR\JPEG-XR\DEBUG\DLLMAIN.OBJ
C:\USERS\NIMA\DESKTOP\JPEG-XR\JPEG-XR\JPEG-XR\DEBUG\FILE.OBJ
C:\USERS\NIMA\DESKTOP\JPEG-XR\JPEG-XR\JPEG-XR\DEBUG\FLAGS.OBJ
C:\USERS\NIMA\DESKTOP\JPEG-XR\JPEG-XR\JPEG-XR\DEBUG\INIT.OBJ
C:\USERS\NIMA\DESKTOP\JPEG-XR\JPEG-XR\JPEG-XR\DEBUG\IO.OBJ
C:\USERS\NIMA\DESKTOP\JPEG-XR\JPEG-XR\JPEG-XR\DEBUG\JPEGXR.OBJ
C:\USERS\NIMA\DESKTOP\JPEG-XR\JPEG-XR\JPEG-XR\DEBUG\JPEGXR_PIXELFORMAT.OBJ
C:\USERS\NIMA\DESKTOP\JPEG-XR\JPEG-XR\JPEG-XR\DEBUG\MY_GETOPT.OBJ
C:\USERS\NIMA\DESKTOP\JPEG-XR\JPEG-XR\JPEG-XR\DEBUG\QP.TAB.OBJ
C:\USERS\NIMA\DESKTOP\JPEG-XR\JPEG-XR\JPEG-XR\DEBUG\QP_LEXOR.OBJ
C:\USERS\NIMA\DESKTOP\JPEG-XR\JPEG-XR\JPEG-XR\DEBUG\R_PARSE.OBJ
C:\USERS\NIMA\DESKTOP\JPEG-XR\JPEG-XR\JPEG-XR\DEBUG\R_STRIP.OBJ
C:\USERS\NIMA\DESKTOP\JPEG-XR\JPEG-XR\JPEG-XR\DEBUG\R_TILE_FREQUENCY.OBJ
C:\USERS\NIMA\DESKTOP\JPEG-XR\JPEG-XR\JPEG-XR\DEBUG\R_TILE_SPATIAL.OBJ
C:\Users\Nima\Desktop\JPEG-XR\JPEG-XR\JPEG-XR\Debug\vc100.idb
C:\USERS\NIMA\DESKTOP\JPEG-XR\JPEG-XR\JPEG-XR\DEBUG\VC100.PDB
C:\USERS\NIMA\DESKTOP\JPEG-XR\JPEG-XR\JPEG-XR\DEBUG\W_EMIT.OBJ
C:\USERS\NIMA\DESKTOP\JPEG-XR\JPEG-XR\JPEG-XR\DEBUG\W_TILE_FREQUENCY.OBJ
C:\USERS\NIMA\DESKTOP\JPEG-XR\JPEG-XR\JPEG-XR\DEBUG\W_TILE_SPATIAL.OBJ
C:\USERS\NIMA\DESKTOP\JPEG-XR\JPEG-XR\JPEG-XR\DEBUG\X_STRIP.OBJ
